<?xml version="1.0" encoding="UTF-8"?>
<!-- Generated by org.testng.reporters.JUnitReportReporter -->
<testsuite skipped="0" hostname="NSSSKKISHORE-PC" name="Exampl" tests="1" failures="0" timestamp="08 Jun 2018 08:14:50 GMT" time="14.011" errors="0">
  <testcase name="m" time="14.011" classname="Exampl"/>
</testsuite> <!-- Exampl -->
