<?xml version="1.0" encoding="UTF-8"?>
<!-- Generated by org.testng.reporters.JUnitReportReporter -->
<testsuite skipped="0" hostname="NSSSKKISHORE-PC" name="Exampl" tests="1" failures="0" timestamp="07 Jun 2018 11:57:02 GMT" time="13.487" errors="0">
  <testcase name="m" time="13.487" classname="Exampl"/>
</testsuite> <!-- Exampl -->
